[2025-05-10T17:41:12.830+0000] {taskinstance.py:1979} INFO - Dependencies all met for dep_context=non-requeueable deps ti=<TaskInstance: titanic_ml_pipeline.preprocess_data manual__2025-05-10T17:40:39.834724+00:00 [queued]>
[2025-05-10T17:41:12.836+0000] {taskinstance.py:1979} INFO - Dependencies all met for dep_context=requeueable deps ti=<TaskInstance: titanic_ml_pipeline.preprocess_data manual__2025-05-10T17:40:39.834724+00:00 [queued]>
[2025-05-10T17:41:12.837+0000] {taskinstance.py:2193} INFO - Starting attempt 1 of 2
[2025-05-10T17:41:12.850+0000] {taskinstance.py:2214} INFO - Executing <Task(PythonOperator): preprocess_data> on 2025-05-10 17:40:39.834724+00:00
[2025-05-10T17:41:12.858+0000] {standard_task_runner.py:60} INFO - Started process 3005 to run task
[2025-05-10T17:41:12.861+0000] {standard_task_runner.py:87} INFO - Running: ['***', 'tasks', 'run', 'titanic_ml_pipeline', 'preprocess_data', 'manual__2025-05-10T17:40:39.834724+00:00', '--job-id', '201', '--raw', '--subdir', 'DAGS_FOLDER/***_pipeline.py', '--cfg-path', '/tmp/tmp4etgeo0t']
[2025-05-10T17:41:12.862+0000] {standard_task_runner.py:88} INFO - Job 201: Subtask preprocess_data
[2025-05-10T17:41:12.898+0000] {task_command.py:423} INFO - Running <TaskInstance: titanic_ml_pipeline.preprocess_data manual__2025-05-10T17:40:39.834724+00:00 [running]> on host e821d368632d
[2025-05-10T17:41:12.963+0000] {taskinstance.py:2510} INFO - Exporting env vars: AIRFLOW_CTX_DAG_OWNER='***' AIRFLOW_CTX_DAG_ID='titanic_ml_pipeline' AIRFLOW_CTX_TASK_ID='preprocess_data' AIRFLOW_CTX_EXECUTION_DATE='2025-05-10T17:40:39.834724+00:00' AIRFLOW_CTX_TRY_NUMBER='1' AIRFLOW_CTX_DAG_RUN_ID='manual__2025-05-10T17:40:39.834724+00:00'
[2025-05-10T17:41:12.975+0000] {python.py:202} INFO - Done. Returned value was:      PassengerId  Survived  Pclass  Name  ...  Ticket     Fare  Cabin  Embarked
1              2         1       1    49  ...     109  71.2833     72         0
3              4         1       1    70  ...      31  53.1000     48         2
6              7         0       1   112  ...      55  51.8625    117         2
10            11         1       3   148  ...     120  16.7000    131         2
11            12         1       1    27  ...      26  26.5500     43         2
..           ...       ...     ...   ...  ...     ...      ...    ...       ...
871          872         1       1    18  ...      33  52.5542     91         2
872          873         0       1    35  ...      89   5.0000     29         2
879          880         1       1   140  ...      38  83.1583     61         0
887          888         1       1    75  ...      10  30.0000     25         2
889          890         1       1    20  ...       8  30.0000     52         0

[183 rows x 12 columns]
[2025-05-10T17:41:13.017+0000] {taskinstance.py:1149} INFO - Marking task as SUCCESS. dag_id=titanic_ml_pipeline, task_id=preprocess_data, execution_date=20250510T174039, start_date=20250510T174112, end_date=20250510T174113
[2025-05-10T17:41:13.073+0000] {local_task_job_runner.py:234} INFO - Task exited with return code 0
[2025-05-10T17:41:13.089+0000] {taskinstance.py:3309} INFO - 1 downstream tasks scheduled from follow-on schedule check
