[2025-05-10T17:44:56.261+0000] {taskinstance.py:1979} INFO - Dependencies all met for dep_context=non-requeueable deps ti=<TaskInstance: titanic_ml_pipeline.train_and_log_model scheduled__2025-03-23T00:00:00+00:00 [queued]>
[2025-05-10T17:44:56.279+0000] {taskinstance.py:1979} INFO - Dependencies all met for dep_context=requeueable deps ti=<TaskInstance: titanic_ml_pipeline.train_and_log_model scheduled__2025-03-23T00:00:00+00:00 [queued]>
[2025-05-10T17:44:56.280+0000] {taskinstance.py:2193} INFO - Starting attempt 1 of 2
[2025-05-10T17:44:56.302+0000] {taskinstance.py:2214} INFO - Executing <Task(PythonOperator): train_and_log_model> on 2025-03-23 00:00:00+00:00
[2025-05-10T17:44:56.316+0000] {standard_task_runner.py:60} INFO - Started process 5405 to run task
[2025-05-10T17:44:56.319+0000] {standard_task_runner.py:87} INFO - Running: ['***', 'tasks', 'run', 'titanic_ml_pipeline', 'train_and_log_model', 'scheduled__2025-03-23T00:00:00+00:00', '--job-id', '272', '--raw', '--subdir', 'DAGS_FOLDER/***_pipeline.py', '--cfg-path', '/tmp/tmpqweiil5s']
[2025-05-10T17:44:56.321+0000] {standard_task_runner.py:88} INFO - Job 272: Subtask train_and_log_model
[2025-05-10T17:44:56.456+0000] {task_command.py:423} INFO - Running <TaskInstance: titanic_ml_pipeline.train_and_log_model scheduled__2025-03-23T00:00:00+00:00 [running]> on host e821d368632d
[2025-05-10T17:44:56.687+0000] {taskinstance.py:2510} INFO - Exporting env vars: AIRFLOW_CTX_DAG_OWNER='***' AIRFLOW_CTX_DAG_ID='titanic_ml_pipeline' AIRFLOW_CTX_TASK_ID='train_and_log_model' AIRFLOW_CTX_EXECUTION_DATE='2025-03-23T00:00:00+00:00' AIRFLOW_CTX_TRY_NUMBER='1' AIRFLOW_CTX_DAG_RUN_ID='scheduled__2025-03-23T00:00:00+00:00'
[2025-05-10T17:44:56.842+0000] {logging_mixin.py:188} WARNING - 2025/05/10 17:44:56 WARNING mlflow.utils.git_utils: Failed to import Git (the Git executable is probably not on your PATH), so Git SHA is not available. Error: Failed to initialize: Bad git executable.
The git executable must be specified in one of the following ways:
    - be included in your $PATH
    - be set via $GIT_PYTHON_GIT_EXECUTABLE
    - explicitly set via git.refresh(<full-path-to-git-executable>)

All git commands will error until this is rectified.

This initial message can be silenced or aggravated in the future by setting the
$GIT_PYTHON_REFRESH environment variable. Use one of the following values:
    - quiet|q|silence|s|silent|none|n|0: for no message or exception
    - warn|w|warning|log|l|1: for a warning message (logging level CRITICAL, displayed by default)
    - error|e|exception|raise|r|2: for a raised exception

Example:
    export GIT_PYTHON_REFRESH=quiet
[2025-05-10T17:44:57.194+0000] {warnings.py:109} WARNING - /home/***/.local/lib/python3.8/site-packages/mlflow/types/utils.py:407: UserWarning: Hint: Inferred schema contains integer column(s). Integer columns in Python cannot represent missing values. If your input data contains missing values at inference time, it will be encoded as floats and will cause a schema enforcement error. The best way to avoid this problem is to infer the model schema based on a realistic data sample (training dataset) that includes missing values. Alternatively, you can declare integer columns as doubles (float64) whenever these columns may have missing values. See `Handling Integers With Missing Values <https://www.mlflow.org/docs/latest/models.html#handling-integers-with-missing-values>`_ for more details.
  warnings.warn(

[2025-05-10T17:45:00.508+0000] {python.py:202} INFO - Done. Returned value was: None
[2025-05-10T17:45:00.518+0000] {taskinstance.py:1149} INFO - Marking task as SUCCESS. dag_id=titanic_ml_pipeline, task_id=train_and_log_model, execution_date=20250323T000000, start_date=20250510T174456, end_date=20250510T174500
[2025-05-10T17:45:00.555+0000] {local_task_job_runner.py:234} INFO - Task exited with return code 0
[2025-05-10T17:45:00.570+0000] {taskinstance.py:3309} INFO - 0 downstream tasks scheduled from follow-on schedule check
